<?xml version="1.0" encoding="UTF-8"?>
<!-- Generated by org.testng.reporters.JUnitXMLReporter -->
<testsuite hostname="DESKTOP-BSK" ignored="0" name="Selenium FB Project" tests="2" failures="1" timestamp="15 Jul 2018 12:37:08 GMT" time="102.01" errors="0">
  <testcase name="verifyLoginPageTitle" time="0.227" classname="com.crm.qa.testcases.LoginTest">
    <failure type="java.lang.AssertionError" message="expected [Faebook – log in or sign up] but found [Facebook – log in or sign up]">
      <![CDATA[java.lang.AssertionError: expected [Faebook – log in or sign up] but found [Facebook – log in or sign up]
	at com.crm.qa.testcases.LoginTest.verifyLoginPageTitle(LoginTest.java:30)
... Removed 31 stack frames]]>
    </failure>
  </testcase> <!-- verifyLoginPageTitle -->
  <testcase name="verifyLoginPage" time="18.902" classname="com.crm.qa.testcases.LoginTest"/>
</testsuite> <!-- Selenium FB Project -->
