<?xml version="1.0" encoding="UTF-8"?>
<!-- Generated by org.testng.reporters.JUnitXMLReporter -->
<testsuite hostname="DESKTOP-BSK" ignored="0" name="Default test" tests="3" failures="0" timestamp="15 Jul 2018 10:51:29 GMT" time="143.446" errors="0">
  <testcase name="searchFriends" time="2.156" classname="com.crm.qa.testcases.HomePageTest"/>
  <testcase name="searchFriends" time="7.272" classname="com.crm.qa.testcases.HomePageTest"/>
  <testcase name="searchFriends" time="2.123" classname="com.crm.qa.testcases.HomePageTest"/>
</testsuite> <!-- Default test -->
