<?xml version="1.0" encoding="UTF-8"?>
<testng-results skipped="0" failed="0" ignored="0" total="2" passed="2">
  <reporter-output>
  </reporter-output>
  <suite name="com.crm.qa.testcases.LoginTest" duration-ms="89672" started-at="2018-07-14T08:33:04Z" finished-at="2018-07-14T08:34:33Z">
    <groups>
    </groups>
    <test name="Command line test" duration-ms="89672" started-at="2018-07-14T08:33:04Z" finished-at="2018-07-14T08:34:33Z">
      <class name="com.crm.qa.testcases.LoginTest">
        <test-method status="PASS" signature="setUp()[pri:0, instance:com.crm.qa.testcases.LoginTest@67b6d4ae]" name="setUp" is-config="true" duration-ms="41848" started-at="2018-07-14T14:03:04Z" finished-at="2018-07-14T14:03:45Z">
          <reporter-output>
          </reporter-output>
        </test-method> <!-- setUp -->
        <test-method status="PASS" signature="validateLoginPageTitle()[pri:1, instance:com.crm.qa.testcases.LoginTest@67b6d4ae]" name="validateLoginPageTitle" duration-ms="25" started-at="2018-07-14T14:03:45Z" finished-at="2018-07-14T14:03:45Z">
          <reporter-output>
          </reporter-output>
        </test-method> <!-- validateLoginPageTitle -->
        <test-method status="PASS" signature="closeBrowser()[pri:0, instance:com.crm.qa.testcases.LoginTest@67b6d4ae]" name="closeBrowser" is-config="true" duration-ms="784" started-at="2018-07-14T14:03:45Z" finished-at="2018-07-14T14:03:46Z">
          <reporter-output>
          </reporter-output>
        </test-method> <!-- closeBrowser -->
        <test-method status="PASS" signature="setUp()[pri:0, instance:com.crm.qa.testcases.LoginTest@67b6d4ae]" name="setUp" is-config="true" duration-ms="34723" started-at="2018-07-14T14:03:46Z" finished-at="2018-07-14T14:04:21Z">
          <reporter-output>
          </reporter-output>
        </test-method> <!-- setUp -->
        <test-method status="PASS" signature="loginTest()[pri:2, instance:com.crm.qa.testcases.LoginTest@67b6d4ae]" name="loginTest" duration-ms="11425" started-at="2018-07-14T14:04:21Z" finished-at="2018-07-14T14:04:32Z">
          <reporter-output>
          </reporter-output>
        </test-method> <!-- loginTest -->
        <test-method status="PASS" signature="closeBrowser()[pri:0, instance:com.crm.qa.testcases.LoginTest@67b6d4ae]" name="closeBrowser" is-config="true" duration-ms="825" started-at="2018-07-14T14:04:32Z" finished-at="2018-07-14T14:04:33Z">
          <reporter-output>
          </reporter-output>
        </test-method> <!-- closeBrowser -->
      </class> <!-- com.crm.qa.testcases.LoginTest -->
    </test> <!-- Command line test -->
  </suite> <!-- com.crm.qa.testcases.LoginTest -->
</testng-results>
